<?xml version="1.0" encoding="UTF-8"?>
<!-- Generated by org.testng.reporters.JUnitReportReporter -->
<testsuite hostname="Hi-PC" failures="0" tests="2" name="com.mytest.Example" time="24.426" errors="0" timestamp="2021-12-06T14:29:53 ICT" skipped="0">
  <testcase classname="com.mytest.Example" name="TestCase01" time="18.853"/>
  <system-out/>
  <testcase classname="com.mytest.Example" name="TestCase02" time="5.573"/>
  <system-out/>
</testsuite> <!-- com.mytest.Example -->
